<?xml version="1.0" encoding="UTF-8"?>
<testng-results ignored="0" total="1" passed="1" failed="0" skipped="0">
  <reporter-output>
  </reporter-output>
  <suite started-at="2023-07-19T10:13:19 IST" name="Default suite" finished-at="2023-07-19T10:13:24 IST" duration-ms="5440">
    <groups>
    </groups>
    <test started-at="2023-07-19T10:13:19 IST" name="Default test" finished-at="2023-07-19T10:13:24 IST" duration-ms="5440">
      <class name="in.amazon.JenkinsDemo.VerifyTitle">
        <test-method is-config="true" signature="launchApplication()[pri:0, instance:in.amazon.JenkinsDemo.VerifyTitle@644baf4a]" started-at="2023-07-19T10:13:19 IST" name="launchApplication" finished-at="2023-07-19T10:13:24 IST" duration-ms="5108" status="PASS">
          <reporter-output>
          </reporter-output>
        </test-method> <!-- launchApplication -->
        <test-method signature="titleverification()[pri:0, instance:in.amazon.JenkinsDemo.VerifyTitle@644baf4a]" started-at="2023-07-19T10:13:24 IST" name="titleverification" finished-at="2023-07-19T10:13:24 IST" duration-ms="22" status="PASS">
          <reporter-output>
          </reporter-output>
        </test-method> <!-- titleverification -->
        <test-method is-config="true" signature="closeBrowser()[pri:0, instance:in.amazon.JenkinsDemo.VerifyTitle@644baf4a]" started-at="2023-07-19T10:13:24 IST" name="closeBrowser" finished-at="2023-07-19T10:13:24 IST" duration-ms="247" status="PASS">
          <reporter-output>
          </reporter-output>
        </test-method> <!-- closeBrowser -->
      </class> <!-- in.amazon.JenkinsDemo.VerifyTitle -->
    </test> <!-- Default test -->
  </suite> <!-- Default suite -->
</testng-results>
